timestamp: 2016-03-16T13:09:23.439000
CREATE TABLE auth_user(
    id INTEGER PRIMARY KEY AUTOINCREMENT,
    first_name CHAR(128),
    last_name CHAR(128),
    email CHAR(512),
    password CHAR(512),
    registration_key CHAR(512),
    reset_password_key CHAR(512),
    registration_id CHAR(512)
);
success!
timestamp: 2016-03-16T13:09:23.583000
CREATE TABLE auth_group(
    id INTEGER PRIMARY KEY AUTOINCREMENT,
    role CHAR(512),
    description TEXT
);
success!
timestamp: 2016-03-16T13:09:23.743000
CREATE TABLE auth_membership(
    id INTEGER PRIMARY KEY AUTOINCREMENT,
    user_id INTEGER REFERENCES auth_user (id) ON DELETE CASCADE  ,
    group_id INTEGER REFERENCES auth_group (id) ON DELETE CASCADE  
);
success!
timestamp: 2016-03-16T13:09:23.880000
CREATE TABLE auth_permission(
    id INTEGER PRIMARY KEY AUTOINCREMENT,
    group_id INTEGER REFERENCES auth_group (id) ON DELETE CASCADE  ,
    name CHAR(512),
    table_name CHAR(512),
    record_id INTEGER
);
success!
timestamp: 2016-03-16T13:09:24.004000
CREATE TABLE auth_event(
    id INTEGER PRIMARY KEY AUTOINCREMENT,
    time_stamp TIMESTAMP,
    client_ip CHAR(512),
    user_id INTEGER REFERENCES auth_user (id) ON DELETE CASCADE  ,
    origin CHAR(512),
    description TEXT
);
success!
timestamp: 2016-03-16T13:09:24.124000
CREATE TABLE auth_cas(
    id INTEGER PRIMARY KEY AUTOINCREMENT,
    user_id INTEGER REFERENCES auth_user (id) ON DELETE CASCADE  ,
    created_on TIMESTAMP,
    service CHAR(512),
    ticket CHAR(512),
    renew CHAR(1)
);
success!
timestamp: 2016-04-11T14:48:16.460000
CREATE TABLE Pages(
    id INTEGER PRIMARY KEY AUTOINCREMENT,
    title CHAR(200),
    description CHAR(2000),
    author INTEGER REFERENCES auth_user (id) ON DELETE CASCADE  ,
    subject CHAR(20),
    pub_date TIMESTAMP
);
success!
timestamp: 2016-04-11T14:49:16.327000
ALTER TABLE Pages ADD url CHAR(2000);
timestamp: 2016-04-11T14:49:16.420000
ALTER TABLE Pages ADD level INTEGER REFERENCES auth_user (id) ON DELETE CASCADE  ;
timestamp: 2016-04-11T14:49:16.553000
ALTER TABLE Pages ADD error CHAR(20);
success!
success!
timestamp: 2016-04-11T14:51:17.189000
ALTER TABLE Pages ADD is_retrieved INTEGER REFERENCES auth_user (id) ON DELETE CASCADE  ;
success!
success!
success!
success!
success!
success!
success!
success!
success!
success!
success!
success!
success!
success!
success!
success!
success!
success!
success!
success!
success!
success!
success!
success!
success!
success!
success!
success!
success!
success!
success!
success!
success!
success!
success!
success!
success!
success!
success!
success!
success!
success!
success!
success!
success!
success!
success!
success!
success!
success!
success!
success!
success!
success!
success!
success!
success!
success!
success!
success!
success!
timestamp: 2016-04-11T15:41:16.236000
CREATE TABLE auth_user(
    id INTEGER PRIMARY KEY AUTOINCREMENT,
    first_name CHAR(128),
    last_name CHAR(128),
    email CHAR(512),
    password CHAR(512),
    registration_key CHAR(512),
    reset_password_key CHAR(512),
    registration_id CHAR(512)
);
success!
timestamp: 2016-04-11T15:41:16.377000
CREATE TABLE auth_group(
    id INTEGER PRIMARY KEY AUTOINCREMENT,
    role CHAR(512),
    description TEXT
);
success!
timestamp: 2016-04-11T15:41:16.511000
CREATE TABLE auth_membership(
    id INTEGER PRIMARY KEY AUTOINCREMENT,
    user_id INTEGER REFERENCES auth_user (id) ON DELETE CASCADE  ,
    group_id INTEGER REFERENCES auth_group (id) ON DELETE CASCADE  
);
success!
timestamp: 2016-04-11T15:41:16.646000
CREATE TABLE auth_permission(
    id INTEGER PRIMARY KEY AUTOINCREMENT,
    group_id INTEGER REFERENCES auth_group (id) ON DELETE CASCADE  ,
    name CHAR(512),
    table_name CHAR(512),
    record_id INTEGER
);
success!
timestamp: 2016-04-11T15:41:16.765000
CREATE TABLE auth_event(
    id INTEGER PRIMARY KEY AUTOINCREMENT,
    time_stamp TIMESTAMP,
    client_ip CHAR(512),
    user_id INTEGER REFERENCES auth_user (id) ON DELETE CASCADE  ,
    origin CHAR(512),
    description TEXT
);
success!
timestamp: 2016-04-11T15:41:16.886000
CREATE TABLE auth_cas(
    id INTEGER PRIMARY KEY AUTOINCREMENT,
    user_id INTEGER REFERENCES auth_user (id) ON DELETE CASCADE  ,
    created_on TIMESTAMP,
    service CHAR(512),
    ticket CHAR(512),
    renew CHAR(1)
);
success!
timestamp: 2016-04-11T15:41:17.033000
CREATE TABLE Pages(
    id INTEGER PRIMARY KEY AUTOINCREMENT,
    url TEXT UNIQUE,
    level INTEGER,
    is_retrieved INTEGER,
    error INTEGER
);
timestamp: 2016-04-11T15:41:42.785000
CREATE TABLE Pages(
    id INTEGER PRIMARY KEY AUTOINCREMENT,
    url TEXT UNIQUE,
    level INTEGER,
    is_retrieved INTEGER,
    error INTEGER
);
timestamp: 2016-04-11T15:41:45.236000
CREATE TABLE Pages(
    id INTEGER PRIMARY KEY AUTOINCREMENT,
    url TEXT UNIQUE,
    level INTEGER,
    is_retrieved INTEGER,
    error INTEGER
);
timestamp: 2016-04-11T15:42:17.043000
CREATE TABLE Pages(
    id INTEGER PRIMARY KEY AUTOINCREMENT,
    url TEXT UNIQUE,
    level INTEGER,
    is_retrieved INTEGER,
    error INTEGER
);
timestamp: 2016-04-11T15:43:17.055000
CREATE TABLE Pages(
    id INTEGER PRIMARY KEY AUTOINCREMENT,
    url TEXT UNIQUE,
    level INTEGER,
    is_retrieved INTEGER,
    error INTEGER
);
timestamp: 2016-04-11T15:44:17.061000
CREATE TABLE Pages(
    id INTEGER PRIMARY KEY AUTOINCREMENT,
    url TEXT UNIQUE,
    level INTEGER,
    is_retrieved INTEGER,
    error INTEGER
);
timestamp: 2016-04-11T15:45:17.053000
CREATE TABLE Pages(
    id INTEGER PRIMARY KEY AUTOINCREMENT,
    url TEXT UNIQUE,
    level INTEGER,
    is_retrieved INTEGER,
    error INTEGER
);
timestamp: 2016-04-11T15:46:17.061000
CREATE TABLE Pages(
    id INTEGER PRIMARY KEY AUTOINCREMENT,
    url TEXT UNIQUE,
    level INTEGER,
    is_retrieved INTEGER,
    error INTEGER
);
timestamp: 2016-04-11T15:47:17.067000
CREATE TABLE Pages(
    id INTEGER PRIMARY KEY AUTOINCREMENT,
    url TEXT UNIQUE,
    level INTEGER,
    is_retrieved INTEGER,
    error INTEGER
);
timestamp: 2016-04-11T15:48:17.137000
CREATE TABLE Pages(
    id INTEGER PRIMARY KEY AUTOINCREMENT,
    url TEXT UNIQUE,
    level INTEGER,
    is_retrieved INTEGER,
    error INTEGER
);
timestamp: 2016-04-11T15:49:17.095000
CREATE TABLE Pages(
    id INTEGER PRIMARY KEY AUTOINCREMENT,
    url TEXT UNIQUE,
    level INTEGER,
    is_retrieved INTEGER,
    error INTEGER
);
timestamp: 2016-04-11T15:50:17.079000
CREATE TABLE Pages(
    id INTEGER PRIMARY KEY AUTOINCREMENT,
    url TEXT UNIQUE,
    level INTEGER,
    is_retrieved INTEGER,
    error INTEGER
);
timestamp: 2016-04-11T15:51:17.123000
CREATE TABLE Pages(
    id INTEGER PRIMARY KEY AUTOINCREMENT,
    url TEXT UNIQUE,
    level INTEGER,
    is_retrieved INTEGER,
    error INTEGER
);
timestamp: 2016-04-11T15:51:54.630000
CREATE TABLE Pages(
    id INTEGER PRIMARY KEY AUTOINCREMENT,
    url TEXT UNIQUE,
    level INTEGER,
    is_retrieved INTEGER,
    error INTEGER
);
timestamp: 2016-04-11T15:52:17.050000
CREATE TABLE Pages(
    id INTEGER PRIMARY KEY AUTOINCREMENT,
    url TEXT UNIQUE,
    level INTEGER,
    is_retrieved INTEGER,
    error INTEGER
);
timestamp: 2016-04-11T15:53:17.093000
CREATE TABLE Pages(
    id INTEGER PRIMARY KEY AUTOINCREMENT,
    url TEXT UNIQUE,
    level INTEGER,
    is_retrieved INTEGER,
    error INTEGER
);
timestamp: 2016-04-11T15:54:17.097000
CREATE TABLE Pages(
    id INTEGER PRIMARY KEY AUTOINCREMENT,
    url TEXT UNIQUE,
    level INTEGER,
    is_retrieved INTEGER,
    error INTEGER
);
timestamp: 2016-04-11T15:55:17.103000
CREATE TABLE Pages(
    id INTEGER PRIMARY KEY AUTOINCREMENT,
    url TEXT UNIQUE,
    level INTEGER,
    is_retrieved INTEGER,
    error INTEGER
);
timestamp: 2016-04-11T15:56:16.360000
CREATE TABLE Pages(
    id INTEGER PRIMARY KEY AUTOINCREMENT,
    url TEXT UNIQUE,
    level INTEGER,
    is_retrieved INTEGER,
    error INTEGER
);
timestamp: 2016-04-11T16:04:40.852000
CREATE TABLE Pages(
    id INTEGER PRIMARY KEY AUTOINCREMENT,
    url TEXT UNIQUE,
    level INTEGER,
    is_retrieved INTEGER,
    error INTEGER
);
timestamp: 2016-04-11T16:04:43.828000
CREATE TABLE Pages(
    id INTEGER PRIMARY KEY AUTOINCREMENT,
    url TEXT UNIQUE,
    level INTEGER,
    is_retrieved INTEGER,
    error INTEGER
);
timestamp: 2016-04-11T16:40:05.749000
CREATE TABLE Pages(
    id INTEGER PRIMARY KEY AUTOINCREMENT,
    url TEXT UNIQUE,
    level INTEGER,
    is_retrieved INTEGER,
    error INTEGER,
    old_rank DOUBLE,
    new_rank DOUBLE
);
